<?xml version="1.0" encoding="UTF-8"?>
<!-- Generated by org.testng.reporters.JUnitReportReporter -->
<testsuite hostname="TTU-9NP0GG3" failures="0" tests="1" name="com.herokuapp.theinternet.PositiveTests" time="13.530" errors="0" timestamp="2024-04-15T18:22:56 WEST" skipped="0">
  <testcase classname="com.herokuapp.theinternet.PositiveTests" name="loginTest" time="13.530"/>
  <system-out/>
</testsuite> <!-- com.herokuapp.theinternet.PositiveTests -->
