<?xml version="1.0" encoding="UTF-8"?>
<!-- Generated by org.testng.reporters.JUnitReportReporter -->
<testsuite hostname="TTU-9NP0GG3" failures="0" tests="2" name="com.herokuapp.theinternet.NegativeTests" time="25.138" errors="0" timestamp="2024-04-17T15:41:01 WEST" skipped="0">
  <testcase classname="com.herokuapp.theinternet.NegativeTests" name="negativeLoginTest" time="11.520"/>
  <system-out/>
  <testcase classname="com.herokuapp.theinternet.NegativeTests" name="negativeLoginTest" time="13.618"/>
  <system-out/>
</testsuite> <!-- com.herokuapp.theinternet.NegativeTests -->
