<?xml version="1.0" encoding="UTF-8"?>
<!-- Generated by org.testng.reporters.JUnitReportReporter -->
<testsuite hostname="TTU-9NP0GG3" failures="0" tests="1" name="com.herokuapp.theinternet.LoginTests" time="33.761" errors="0" timestamp="2024-04-30T18:06:07 WEST" skipped="0">
  <testcase classname="com.herokuapp.theinternet.LoginTests" name="PositiveloginTest" time="33.761"/>
  <system-out/>
</testsuite> <!-- com.herokuapp.theinternet.LoginTests -->
