<?xml version="1.0" encoding="UTF-8"?>
<!-- Generated by org.testng.reporters.JUnitReportReporter -->
<testsuite hostname="TTU-9NP0GG3" failures="0" tests="1" name="com.herokuapp.theinternet.Exceptiontest" time="16.589" errors="0" timestamp="2024-05-02T18:05:02 WEST" skipped="0">
  <testcase classname="com.herokuapp.theinternet.Exceptiontest" name="timeoutExceptionTests" time="16.589"/>
  <system-out/>
</testsuite> <!-- com.herokuapp.theinternet.Exceptiontest -->
