<?xml version="1.0" encoding="UTF-8"?>
<!-- Generated by org.testng.reporters.JUnitReportReporter -->
<testsuite hostname="TTU-9NP0GG3" failures="0" tests="1" name="com.herokuapp.theinternet.NegativeTests" time="13.217" errors="0" timestamp="2024-04-15T18:27:24 WEST" skipped="0">
  <testcase classname="com.herokuapp.theinternet.NegativeTests" name="negativeUsernameTest" time="13.217"/>
  <system-out/>
</testsuite> <!-- com.herokuapp.theinternet.NegativeTests -->
